start: s
accept: ac
reject: rj
blank: _

s 0 -> to_right 0 >
s 1 -> to_right 1 >

to_right 0 -> to_right 0 >
to_right 1 -> to_right 1 >
to_right < -> to_right < >
to_right _ -> expand _ <

expand 0 -> expand_0 # < 
expand 1 -> expand_1 # <

expand_0 0 -> expand_0 0 <
expand_0 1 -> expand_0 1 <
expand_0 < -> mark_0 < <

expand_1 0 -> expand_1 0 <
expand_1 1 -> expand_1 1 <
expand_1 < -> mark_1 < <

mark_0 0 -> return_00 ? >
mark_0 1 -> return_10 ? > 

mark_1 0 -> return_01 ? > 
mark_1 1 -> return_11 ? > 

return_00 0 -> return_00 0 >
return_00 1 -> return_00 1 >
return_00 < -> return_00 < >
return_00 # -> expand_0x 0 < 

return_10 0 -> return_10 0 >
return_10 1 -> return_10 1 >
return_10 < -> return_10 < >
return_10 # -> expand_1x 0 <

return_01 0 -> return_01 0 >
return_01 1 -> return_01 1 >
return_01 < -> return_01 < >
return_01 # -> expand_0x 1 <

return_11 0 -> return_11 0 >
return_11 1 -> return_11 1 >
return_11 < -> return_11 < >
return_11 # -> expand_1x 1 <

expand_0x 0 -> expand_00 # < 
expand_0x 1 -> expand_01 # < 
expand_0x < -> expand_complete_0 < < 

expand_1x 0 -> expand_10 # < 
expand_1x 1 -> expand_11 # < 
expand_1x < -> expand_complete_1 < < 

expand_00 0 -> expand_00 0 <
expand_00 1 -> expand_00 1 <
expand_00 < -> expand_00 < <
expand_00 ? -> mark_x0 0 < 

expand_01 0 -> expand_01 0 <
expand_01 1 -> expand_01 1 <
expand_01 < -> expand_01 < <
expand_01 ? -> mark_x1 0 < 

expand_10 0 -> expand_10 0 <
expand_10 1 -> expand_10 1 <
expand_10 < -> expand_10 < <
expand_10 ? -> mark_x0 1 < 

expand_11 0 -> expand_11 0 <
expand_11 1 -> expand_11 1 <
expand_11 < -> expand_11 < <
expand_11 ? -> mark_x1 1 < 

expand_complete_0 0 -> expand_complete_0 0 <
expand_complete_0 1 -> expand_complete_0 1 <
expand_complete_0 ? -> assert_empty 0 < 

expand_complete_1 0 -> expand_complete_1 0 <
expand_complete_1 1 -> expand_complete_1 1 <
expand_complete_1 ? -> assert_empty 1 < 

mark_x0 0 -> return_00 ? >
mark_x0 1 -> return_10 ? >
mark_x0 _ -> return_00 ? >

mark_x1 0 -> return_01 ? >
mark_x1 1 -> return_11 ? >
mark_x1 _ -> return_01 ? >

assert_empty _ -> go_to_rhs_start _ > 
assert_empty 0 -> rj 0 ^
assert_empty 1 -> rj 1 ^

go_to_rhs_start 0 -> go_to_rhs_start 0 >
go_to_rhs_start 1 -> go_to_rhs_start 1 >
go_to_rhs_start < -> start_comparing < >

start_comparing 0 -> go_compare_x0 # < 
start_comparing 1 -> go_compare_x1 # < 
start_comparing _ -> rj _ ^

go_compare_x0 0 -> go_compare_x0 0 <
go_compare_x0 1 -> go_compare_x0 1 < 
go_compare_x0 < -> go_compare_x0 < <
go_compare_x0 _ -> compare_x0 _ > 

go_compare_x1 0 -> go_compare_x1 0 <
go_compare_x1 1 -> go_compare_x1 1 <
go_compare_x1 < -> go_compare_x1 < <
go_compare_x1 _ -> compare_x1 _ > 

compare_x0 0 -> return_equal_0 _ > 
compare_x0 1 -> rj _ ^

compare_x1 0 -> ac _ ^
compare_x1 1 -> return_equal_1 _ > 

return_equal_0 0 -> return_equal_0 0 >
return_equal_0 1 -> return_equal_0 1 > 
return_equal_0 < -> return_equal_0 < >
return_equal_0 # -> start_comparing 0 >

return_equal_1 0 -> return_equal_1 0 >
return_equal_1 1 -> return_equal_1 1 >
return_equal_1 < -> return_equal_1 < >
return_equal_1 # -> start_comparing 0 >