start: s
accept: ac
reject: rj
blank: _

s 0 -> to_last 0 >
s 1 -> to_last 1 >

to_last 0 -> to_last 0 >
to_last 1 -> to_last 1 >
to_last _ -> save_least _ <

save_least 0 -> copy_0 # > 
save_least 1 -> copy_1 # >
save_least _ -> ac _ >

copy_0 0 -> copy_0 0 >
copy_0 1 -> copy_0 1 >
copy_0 _ -> return_0 0 <

copy_1 0 -> copy_1 0 >
copy_1 1 -> copy_1 1 >
copy_1 _ -> return_1 1 < 

return_0 0 -> return_0 0 <
return_0 1 -> return_0 1 <
return_0 # -> save_least 0 <

return_1 0 -> return_1 0 <
return_1 1 -> return_1 1 <
return_1 # -> save_least 1 <