2

S 0 _ -> S _ > 0 >
S 1 _ -> S _ > 1 >
S a _ -> and _ ^ _ <
S o _ -> or _ ^ _ <
S _ _ -> copy_from_2nd_to_1st _ ^ _ <

and _ 0 -> and_0 _ ^ _ <
and _ 1 -> and_1 _ ^ _ <

and_0 _ 0 -> S _ > 0 >
and_0 _ 1 -> S _ > 0 >
and_1 _ 0 -> S _ > 0 >
and_1 _ 1 -> S _ > 1 >

or _ 0 -> or_0 _ ^ _ <
or _ 1 -> or_1 _ ^ _ <

or_0 _ 0 -> S _ > 0 >
or_0 _ 1 -> S _ > 1 >
or_1 _ 0 -> S _ > 1 >
or_1 _ 1 -> S _ > 1 >

copy_from_2nd_to_1st _ 0 -> AC 0 ^ _ ^
copy_from_2nd_to_1st _ 1 -> AC 1 ^ _ ^
copy_from_2nd_to_1st _ _ -> AC _ ^ _ ^
